<?xml version="1.0" encoding="UTF-8" ?>
<testsuite tests="7" failures="0" name="com.mohamed.dependencyInjection.ContainerTest" time="0.059" errors="0" skipped="0">
  <properties>
[...]
</properties>
  <testcase classname="com.mohamed.dependencyInjection.ContainerTest" name="testInstanciationOfA" time="0.043"/>
  <testcase classname="com.mohamed.dependencyInjection.ContainerTest" name="testInstanciationOfB" time="0.01"/>
  <testcase classname="com.mohamed.dependencyInjection.ContainerTest" name="testInstanciationOfC" time="0.002"/>
  <testcase classname="com.mohamed.dependencyInjection.ContainerTest" name="testInstanciationOfD" time="0.001"/>
  <testcase classname="com.mohamed.dependencyInjection.ContainerTest" name="testInstanctiationOfBundleOfAbstractDependencies" time="0.001"/>
  <testcase classname="com.mohamed.dependencyInjection.ContainerTest" name="testInstanctiationOfImplementationTwo" time="0.001"/>
  <testcase classname="com.mohamed.dependencyInjection.ContainerTest" name="testInstanciationOfImplementationOne" time="0.001"/>
</testsuite>